I210608 11:56:53.753064 39 util/log/file_sync_buffer.go:238 ⋮ [config]   file created at: 2021/06/08 11:56:53
I210608 11:56:53.753095 39 util/log/file_sync_buffer.go:238 ⋮ [config]   running on machine: ‹6e3115057728›
I210608 11:56:53.753105 39 util/log/file_sync_buffer.go:238 ⋮ [config]   binary: CockroachDB CCL v21.1.1 (x86_64-unknown-linux-gnu, built 2021/05/24 14:56:43, go1.15.11)
I210608 11:56:53.753112 39 util/log/file_sync_buffer.go:238 ⋮ [config]   arguments: ‹[/cockroach/cockroach start-single-node --insecure]›
I210608 11:56:53.753124 39 util/log/file_sync_buffer.go:238 ⋮ [config]   line format: [IWEF]yymmdd hh:mm:ss.uuuuuu goid file:line msg utf8=✓
I210608 11:56:53.752911 39 3@vendor/github.com/cockroachdb/pebble/compaction.go:2039 ⋮ [n?,pebble] 1  [JOB 1] flushing: sstable created 000097
I210608 11:56:53.773004 39 3@vendor/github.com/cockroachdb/pebble/compaction.go:2039 ⋮ [n?,pebble] 2  [JOB 1] flushing: sstable created 000098
I210608 11:56:53.806626 39 3@vendor/github.com/cockroachdb/pebble/open.go:305 ⋮ [n?,pebble] 3  [JOB 1] WAL created 000099
I210608 11:56:53.827062 39 3@vendor/github.com/cockroachdb/pebble/version_set.go:457 ⋮ [n?,pebble] 4  [JOB 1] MANIFEST created 000100
I210608 11:56:53.832098 12 3@vendor/github.com/cockroachdb/pebble/compaction.go:2766 ⋮ [n?,pebble] 5  [JOB 1] WAL deleted 000092
I210608 11:56:53.832159 14 3@vendor/github.com/cockroachdb/pebble/compaction.go:1845 ⋮ [n?,pebble] 6  [JOB 3] compacting(default) L0 [000097 000098] (166 K) + L6 [000095] (1.3 M)
I210608 11:56:53.832324 13 3@vendor/github.com/cockroachdb/pebble/table_stats.go:118 ⋮ [n?,pebble] 7  [JOB 2] all initial table stats loaded
I210608 11:56:53.832790 14 3@vendor/github.com/cockroachdb/pebble/compaction.go:2039 ⋮ [n?,pebble] 8  [JOB 3] compacting: sstable created 000102
I210608 11:56:53.832890 12 3@vendor/github.com/cockroachdb/pebble/compaction.go:2766 ⋮ [n?,pebble] 9  [JOB 1] WAL deleted 000096
I210608 11:56:53.832944 12 3@vendor/github.com/cockroachdb/pebble/compaction.go:2773 ⋮ [n?,pebble] 10  [JOB 1] MANIFEST deleted 000093
I210608 11:56:53.853007 39 3@vendor/github.com/cockroachdb/pebble/version_set.go:156 ⋮ [n?,pebble] 11  [JOB 1] MANIFEST created 000001
I210608 11:56:53.857759 39 3@vendor/github.com/cockroachdb/pebble/open.go:305 ⋮ [n?,pebble] 12  [JOB 1] WAL created 000002
I210608 11:56:53.872379 69 3@vendor/github.com/cockroachdb/pebble/table_stats.go:118 ⋮ [n?,pebble] 13  [JOB 2] all initial table stats loaded
I210608 11:56:53.911677 14 3@vendor/github.com/cockroachdb/pebble/compaction.go:1886 ⋮ [n?,pebble] 14  [JOB 3] compacted(default) L0 [000097 000098] (166 K) + L6 [000095] (1.3 M) -> L6 [000102] (1.4 M), in 0.1s, output rate 19 M/s
I210608 11:56:53.912381 168 3@vendor/github.com/cockroachdb/pebble/compaction.go:2780 ⋮ [n?,pebble] 15  [JOB 3] sstable deleted 000095
I210608 11:56:53.912473 168 3@vendor/github.com/cockroachdb/pebble/compaction.go:2780 ⋮ [n?,pebble] 16  [JOB 3] sstable deleted 000097
I210608 11:56:53.912529 168 3@vendor/github.com/cockroachdb/pebble/compaction.go:2780 ⋮ [n?,pebble] 17  [JOB 3] sstable deleted 000098
I210608 11:56:54.081161 181 3@vendor/github.com/cockroachdb/pebble/db.go:1449 ⋮ [n1,pebble] 18  [JOB 4] WAL created 000103
