I210608 12:08:25.251161 1 util/log/file_sync_buffer.go:238 ⋮ [config]   file created at: 2021/06/08 12:08:25
I210608 12:08:25.251181 1 util/log/file_sync_buffer.go:238 ⋮ [config]   running on machine: ‹6e3115057728›
I210608 12:08:25.251189 1 util/log/file_sync_buffer.go:238 ⋮ [config]   binary: CockroachDB CCL v21.1.1 (x86_64-unknown-linux-gnu, built 2021/05/24 14:56:43, go1.15.11)
I210608 12:08:25.251196 1 util/log/file_sync_buffer.go:238 ⋮ [config]   arguments: ‹[/cockroach/cockroach start-single-node --insecure]›
I210608 12:08:25.251207 1 util/log/file_sync_buffer.go:238 ⋮ [config]   line format: [IWEF]yymmdd hh:mm:ss.uuuuuu goid file:line msg utf8=✓
W210608 12:08:25.250611 1 1@cli/start.go:992 ⋮ [-] 1  ALL SECURITY CONTROLS HAVE BEEN DISABLED!
W210608 12:08:25.250611 1 1@cli/start.go:992 ⋮ [-] 1 +
W210608 12:08:25.250611 1 1@cli/start.go:992 ⋮ [-] 1 +This mode is intended for non-production testing only.
W210608 12:08:25.250611 1 1@cli/start.go:992 ⋮ [-] 1 +
W210608 12:08:25.250611 1 1@cli/start.go:992 ⋮ [-] 1 +In this mode:
W210608 12:08:25.250611 1 1@cli/start.go:992 ⋮ [-] 1 +- Your cluster is open to any client that can access ‹any of your IP addresses›.
W210608 12:08:25.250611 1 1@cli/start.go:992 ⋮ [-] 1 +- Intruders with access to your machine or network can observe client-server traffic.
W210608 12:08:25.250611 1 1@cli/start.go:992 ⋮ [-] 1 +- Intruders can log in without password and read or write any data in the cluster.
W210608 12:08:25.250611 1 1@cli/start.go:992 ⋮ [-] 1 +- Intruders can consume all your server's resources and cause unavailability.
I210608 12:08:25.251344 1 1@cli/start.go:1002 ⋮ [-] 2  To start a secure server without mandating TLS for clients,
I210608 12:08:25.251344 1 1@cli/start.go:1002 ⋮ [-] 2 +consider --accept-sql-without-tls instead. For other options, see:
I210608 12:08:25.251344 1 1@cli/start.go:1002 ⋮ [-] 2 +
I210608 12:08:25.251344 1 1@cli/start.go:1002 ⋮ [-] 2 +- ‹https://go.crdb.dev/issue-v/53404/v21.1›
I210608 12:08:25.251344 1 1@cli/start.go:1002 ⋮ [-] 2 +- https://www.cockroachlabs.com/docs/v21.1/secure-a-cluster.html
I210608 12:08:25.275662 1 server/status/recorder.go:628 ⋮ [-] 3  ‹available memory from cgroups (8.0 EiB) is unsupported, using system memory 15 GiB instead:›
W210608 12:08:25.275717 1 1@cli/start.go:958 ⋮ [-] 4  ‹Using the default setting for --cache (128 MiB).›
W210608 12:08:25.275717 1 1@cli/start.go:958 ⋮ [-] 4 +‹  A significantly larger value is usually needed for good performance.›
W210608 12:08:25.275717 1 1@cli/start.go:958 ⋮ [-] 4 +‹  If you have a dedicated server a reasonable setting is --cache=.25 (3.9 GiB).›
I210608 12:08:25.275956 1 server/status/recorder.go:628 ⋮ [-] 5  ‹available memory from cgroups (8.0 EiB) is unsupported, using system memory 15 GiB instead:›
I210608 12:08:25.275968 1 1@cli/start.go:1031 ⋮ [-] 6  ‹CockroachDB CCL v21.1.1 (x86_64-unknown-linux-gnu, built 2021/05/24 14:56:43, go1.15.11)›
I210608 12:08:25.276961 1 server/status/recorder.go:628 ⋮ [-] 7  ‹available memory from cgroups (8.0 EiB) is unsupported, using system memory 15 GiB instead:›
I210608 12:08:25.276973 1 server/config.go:431 ⋮ [-] 8  system total memory: ‹15 GiB›
I210608 12:08:25.276988 1 server/config.go:433 ⋮ [-] 9  server configuration:
I210608 12:08:25.276988 1 server/config.go:433 ⋮ [-] 9 +‹max offset             500000000›
I210608 12:08:25.276988 1 server/config.go:433 ⋮ [-] 9 +‹cache size             128 MiB›
I210608 12:08:25.276988 1 server/config.go:433 ⋮ [-] 9 +‹SQL memory pool size   3.9 GiB›
I210608 12:08:25.276988 1 server/config.go:433 ⋮ [-] 9 +‹scan interval          10m0s›
I210608 12:08:25.276988 1 server/config.go:433 ⋮ [-] 9 +‹scan min idle time     10ms›
I210608 12:08:25.276988 1 server/config.go:433 ⋮ [-] 9 +‹scan max idle time     1s›
I210608 12:08:25.276988 1 server/config.go:433 ⋮ [-] 9 +‹event log enabled      true›
I210608 12:08:25.277029 1 1@cli/start.go:936 ⋮ [-] 10  using local environment variables: ‹COCKROACH_CHANNEL=official-docker›
I210608 12:08:25.277040 1 1@cli/start.go:943 ⋮ [-] 11  process identity: ‹uid 0 euid 0 gid 0 egid 0›
I210608 12:08:25.279961 1 1@cli/start.go:1111 ⋮ [-] 12  GEOS loaded from directory ‹/usr/local/lib/cockroach›
I210608 12:08:25.280011 1 1@cli/start.go:510 ⋮ [-] 13  starting cockroach node
W210608 12:08:25.281215 55 server/config_unix.go:112 ⋮ [-] 14  soft open file descriptor limit 4096 is under the recommended limit 15000; this may decrease performance
W210608 12:08:25.281215 55 server/config_unix.go:112 ⋮ [-] 14 +‹please see https://www.cockroachlabs.com/docs/v21.1/recommended-production-settings.html for more details›
I210608 12:08:25.361221 55 server/config.go:568 ⋮ [n?] 15  1 storage engine‹› initialized
I210608 12:08:25.361598 55 server/config.go:571 ⋮ [n?] 16  ‹Pebble cache size: 128 MiB›
I210608 12:08:25.361610 55 server/config.go:571 ⋮ [n?] 17  ‹store 0: RocksDB, max size 0 B, max open file limit 3840›
I210608 12:08:25.416969 55 1@server/server.go:913 ⋮ [n?] 18  monitoring forward clock jumps based on server.clock.forward_jump_check_enabled
W210608 12:08:25.422904 55 1@cli/start.go:911 ⋮ [-] 19  neither --listen-addr nor --advertise-addr was specified.
W210608 12:08:25.422904 55 1@cli/start.go:911 ⋮ [-] 19 +The server will advertise ‹"6e3115057728"› to other nodes, is this routable?
W210608 12:08:25.422904 55 1@cli/start.go:911 ⋮ [-] 19 +
W210608 12:08:25.422904 55 1@cli/start.go:911 ⋮ [-] 19 +Consider using:
W210608 12:08:25.422904 55 1@cli/start.go:911 ⋮ [-] 19 +- for local-only servers:  --listen-addr=localhost
W210608 12:08:25.422904 55 1@cli/start.go:911 ⋮ [-] 19 +- for multi-node clusters: --advertise-addr=<host/IP addr>
I210608 12:08:25.422982 164 1@server/server.go:1552 ⋮ [n?] 20  connecting to gossip network to verify cluster ID ‹"a78d35cb-b840-43ae-ba0e-bf1b443ec0f4"›
I210608 12:08:25.440371 55 gossip/gossip.go:402 ⋮ [n1] 21  NodeDescriptor set to ‹node_id:1 address:<network_field:"tcp" address_field:"6e3115057728:26257" > attrs:<> locality:<> ServerVersion:<major_val:21 minor_val:1 patch:0 internal:0 > build_tag:"v21.1.1" started_at:1623154105440366669 cluster_name:"" sql_address:<network_field:"tcp" address_field:"6e3115057728:26257" >›
I210608 12:08:25.442618 168 kv/kvserver/closedts/provider/provider.go:135 ⋮ [ct-closer] 22  disabling legacy closed-timestamp mechanism; the new one is enabled
I210608 12:08:25.454116 55 server/node.go:388 ⋮ [n1] 23  initialized store s1
I210608 12:08:25.454194 164 1@server/server.go:1555 ⋮ [n1] 24  node connected via gossip
W210608 12:08:25.454180 243 kv/kvserver/replica_range_lease.go:611 ⋮ [n1,s1,r6/1:‹/Table/{SystemCon…-11}›] 25  can't determine lease status of (n1,s1):1 due to node liveness error: liveness record not found in cache
W210608 12:08:25.454180 243 kv/kvserver/replica_range_lease.go:611 ⋮ [n1,s1,r6/1:‹/Table/{SystemCon…-11}›] 25 +(1) attached stack trace
W210608 12:08:25.454180 243 kv/kvserver/replica_range_lease.go:611 ⋮ [n1,s1,r6/1:‹/Table/{SystemCon…-11}›] 25 +  -- stack trace:
W210608 12:08:25.454180 243 kv/kvserver/replica_range_lease.go:611 ⋮ [n1,s1,r6/1:‹/Table/{SystemCon…-11}›] 25 +  | github.com/cockroachdb/cockroach/pkg/kv/kvserver/liveness.init
W210608 12:08:25.454180 243 kv/kvserver/replica_range_lease.go:611 ⋮ [n1,s1,r6/1:‹/Table/{SystemCon…-11}›] 25 +  | 	/go/src/github.com/cockroachdb/cockroach/pkg/kv/kvserver/liveness/liveness.go:52
W210608 12:08:25.454180 243 kv/kvserver/replica_range_lease.go:611 ⋮ [n1,s1,r6/1:‹/Table/{SystemCon…-11}›] 25 +  | runtime.doInit
W210608 12:08:25.454180 243 kv/kvserver/replica_range_lease.go:611 ⋮ [n1,s1,r6/1:‹/Table/{SystemCon…-11}›] 25 +  | 	/usr/local/go/src/runtime/proc.go:5652
W210608 12:08:25.454180 243 kv/kvserver/replica_range_lease.go:611 ⋮ [n1,s1,r6/1:‹/Table/{SystemCon…-11}›] 25 +  | runtime.doInit
W210608 12:08:25.454180 243 kv/kvserver/replica_range_lease.go:611 ⋮ [n1,s1,r6/1:‹/Table/{SystemCon…-11}›] 25 +  | 	/usr/local/go/src/runtime/proc.go:5647
W210608 12:08:25.454180 243 kv/kvserver/replica_range_lease.go:611 ⋮ [n1,s1,r6/1:‹/Table/{SystemCon…-11}›] 25 +  | runtime.doInit
W210608 12:08:25.454180 243 kv/kvserver/replica_range_lease.go:611 ⋮ [n1,s1,r6/1:‹/Table/{SystemCon…-11}›] 25 +  | 	/usr/local/go/src/runtime/proc.go:5647
W210608 12:08:25.454180 243 kv/kvserver/replica_range_lease.go:611 ⋮ [n1,s1,r6/1:‹/Table/{SystemCon…-11}›] 25 +  | runtime.doInit
W210608 12:08:25.454180 243 kv/kvserver/replica_range_lease.go:611 ⋮ [n1,s1,r6/1:‹/Table/{SystemCon…-11}›] 25 +  | 	/usr/local/go/src/runtime/proc.go:5647
W210608 12:08:25.454180 243 kv/kvserver/replica_range_lease.go:611 ⋮ [n1,s1,r6/1:‹/Table/{SystemCon…-11}›] 25 +  | runtime.doInit
W210608 12:08:25.454180 243 kv/kvserver/replica_range_lease.go:611 ⋮ [n1,s1,r6/1:‹/Table/{SystemCon…-11}›] 25 +  | 	/usr/local/go/src/runtime/proc.go:5647
W210608 12:08:25.454180 243 kv/kvserver/replica_range_lease.go:611 ⋮ [n1,s1,r6/1:‹/Table/{SystemCon…-11}›] 25 +  | runtime.doInit
W210608 12:08:25.454180 243 kv/kvserver/replica_range_lease.go:611 ⋮ [n1,s1,r6/1:‹/Table/{SystemCon…-11}›] 25 +  | 	/usr/local/go/src/runtime/proc.go:5647
W210608 12:08:25.454180 243 kv/kvserver/replica_range_lease.go:611 ⋮ [n1,s1,r6/1:‹/Table/{SystemCon…-11}›] 25 +  | runtime.main
W210608 12:08:25.454180 243 kv/kvserver/replica_range_lease.go:611 ⋮ [n1,s1,r6/1:‹/Table/{SystemCon…-11}›] 25 +  | 	/usr/local/go/src/runtime/proc.go:191
W210608 12:08:25.454180 243 kv/kvserver/replica_range_lease.go:611 ⋮ [n1,s1,r6/1:‹/Table/{SystemCon…-11}›] 25 +  | runtime.goexit
W210608 12:08:25.454180 243 kv/kvserver/replica_range_lease.go:611 ⋮ [n1,s1,r6/1:‹/Table/{SystemCon…-11}›] 25 +  | 	/usr/local/go/src/runtime/asm_amd64.s:1374
W210608 12:08:25.454180 243 kv/kvserver/replica_range_lease.go:611 ⋮ [n1,s1,r6/1:‹/Table/{SystemCon…-11}›] 25 +Wraps: (2) liveness record not found in cache
W210608 12:08:25.454180 243 kv/kvserver/replica_range_lease.go:611 ⋮ [n1,s1,r6/1:‹/Table/{SystemCon…-11}›] 25 +Error types: (1) *withstack.withStack (2) *errutil.leafError
I210608 12:08:25.454180 55 kv/kvserver/stores.go:250 ⋮ [n1] 26  read 0 node addresses from persistent storage
W210608 12:08:25.454380 243 kv/kvserver/store.go:1689 ⋮ [n1,s1,r6/1:‹/Table/{SystemCon…-11}›] 27  could not gossip system config: ‹[NotLeaseHolderError] lease state couldn't be determined; r6: replica (n1,s1):1 not lease holder; lease holder unknown›
W210608 12:08:25.454380 243 kv/kvserver/store.go:1689 ⋮ [n1,s1,r6/1:‹/Table/{SystemCon…-11}›] 27 +(1) ‹[NotLeaseHolderError] lease state couldn't be determined; r6: replica (n1,s1):1 not lease holder; lease holder unknown›
W210608 12:08:25.454380 243 kv/kvserver/store.go:1689 ⋮ [n1,s1,r6/1:‹/Table/{SystemCon…-11}›] 27 +Error types: (1) *roachpb.NotLeaseHolderError
I210608 12:08:25.457931 55 server/node.go:465 ⋮ [n1] 28  started with engine type ‹2›
I210608 12:08:25.457955 55 server/node.go:467 ⋮ [n1] 29  started with attributes ‹[]›
I210608 12:08:25.458002 55 server/goroutinedumper/goroutinedumper.go:120 ⋮ [n1] 30  writing goroutine dumps to ‹/cockroach/cockroach-data/logs/goroutine_dump›
I210608 12:08:25.458023 55 server/heapprofiler/heapprofiler.go:49 ⋮ [n1] 31  writing go heap profiles to ‹/cockroach/cockroach-data/logs/heap_profiler› at least every 1h0m0s
I210608 12:08:25.458041 55 server/heapprofiler/cgoprofiler.go:53 ⋮ [n1] 32  to enable jmalloc profiling: "export MALLOC_CONF=prof:true" or "ln -s prof:true /etc/malloc.conf"
I210608 12:08:25.458064 55 server/heapprofiler/statsprofiler.go:54 ⋮ [n1] 33  writing memory stats to ‹/cockroach/cockroach-data/logs/heap_profiler› at last every 1h0m0s
I210608 12:08:25.458080 55 1@server/server.go:1682 ⋮ [n1] 34  starting http server at ‹[::]:8080› (use: ‹6e3115057728:8080›)
I210608 12:08:25.458103 55 1@server/server.go:1689 ⋮ [n1] 35  starting grpc/postgres server at ‹[::]:26257›
I210608 12:08:25.458119 55 1@server/server.go:1690 ⋮ [n1] 36  advertising CockroachDB node at ‹6e3115057728:26257›
I210608 12:08:25.576018 55 1@util/log/event_log.go:32 ⋮ [n1] 37 ={"Timestamp":1623154105576016102,"EventType":"node_restart","NodeID":1,"StartedAt":1623154105440366669,"LastUp":1623154083914911073}
I210608 12:08:25.578728 55 sql/sqlliveness/slinstance/slinstance.go:252 ⋮ [n1] 38  starting SQL liveness instance
I210608 12:08:25.578885 343 sql/temporary_schema.go:492 ⋮ [n1] 39  running temporary object cleanup background job
I210608 12:08:25.582851 55 server/server_sql.go:843 ⋮ [n1] 40  done ensuring all necessary startup migrations have run
I210608 12:08:25.583569 55 1@server/server.go:2083 ⋮ [n1] 42  serving sql connections
I210608 12:08:25.583515 332 jobs/job_scheduler.go:360 ⋮ [n1] 41  waiting 2m0s before scheduled jobs daemon start
I210608 12:08:25.584336 55 1@cli/start.go:676 ⋮ [config] 43  clusterID: ‹a78d35cb-b840-43ae-ba0e-bf1b443ec0f4›
I210608 12:08:25.584670 55 1@cli/start.go:676 ⋮ [config] 44  nodeID: n1
I210608 12:08:25.584958 55 1@cli/start.go:686 ⋮ [-] 45  node startup completed:
I210608 12:08:25.584958 55 1@cli/start.go:686 ⋮ [-] 45 +CockroachDB node starting at 2021-06-08 12:08:25.583917997 +0000 UTC (took 0.3s)
I210608 12:08:25.584958 55 1@cli/start.go:686 ⋮ [-] 45 +build:               CCL v21.1.1 @ 2021/05/24 14:56:43 (go1.15.11)
I210608 12:08:25.584958 55 1@cli/start.go:686 ⋮ [-] 45 +webui:               ‹http://6e3115057728:8080›
I210608 12:08:25.584958 55 1@cli/start.go:686 ⋮ [-] 45 +sql:                 ‹postgresql://root@6e3115057728:26257?sslmode=disable›
I210608 12:08:25.584958 55 1@cli/start.go:686 ⋮ [-] 45 +RPC client flags:    ‹/cockroach/cockroach <client cmd> --host=6e3115057728:26257 --insecure›
I210608 12:08:25.584958 55 1@cli/start.go:686 ⋮ [-] 45 +logs:                ‹/cockroach/cockroach-data/logs›
I210608 12:08:25.584958 55 1@cli/start.go:686 ⋮ [-] 45 +temp dir:            ‹/cockroach/cockroach-data/cockroach-temp206218277›
I210608 12:08:25.584958 55 1@cli/start.go:686 ⋮ [-] 45 +external I/O path:   ‹/cockroach/cockroach-data/extern›
I210608 12:08:25.584958 55 1@cli/start.go:686 ⋮ [-] 45 +store[0]:            ‹path=/cockroach/cockroach-data›
I210608 12:08:25.584958 55 1@cli/start.go:686 ⋮ [-] 45 +storage engine:      pebble
I210608 12:08:25.584958 55 1@cli/start.go:686 ⋮ [-] 45 +status:              restarted pre-existing node
I210608 12:08:25.584958 55 1@cli/start.go:686 ⋮ [-] 45 +clusterID:           ‹a78d35cb-b840-43ae-ba0e-bf1b443ec0f4›
I210608 12:08:25.584958 55 1@cli/start.go:686 ⋮ [-] 45 +nodeID:              1
I210608 12:08:25.659628 343 sql/temporary_schema.go:527 ⋮ [n1] 46  found 0 temporary schemas
I210608 12:08:25.659672 343 sql/temporary_schema.go:530 ⋮ [n1] 47  early exiting temporary schema cleaner as no temporary schemas were found
I210608 12:08:25.659691 343 sql/temporary_schema.go:531 ⋮ [n1] 48  completed temporary object cleanup job
I210608 12:08:25.659707 343 sql/temporary_schema.go:610 ⋮ [n1] 49  temporary object cleaner next scheduled to run at 2021-06-08 12:38:25.57882983 +0000 UTC
I210608 12:08:25.691303 334 server/auto_upgrade.go:55 ⋮ [n1] 50  no need to upgrade, cluster already at the newest version
I210608 12:08:25.702332 434 sql/sqlliveness/slstorage/slstorage.go:352 ⋮ [n1] 51  inserted sqlliveness session ‹93006d6a3d7a426e9c77009f90ef6774›
I210608 12:08:25.702391 434 sql/sqlliveness/slinstance/slinstance.go:144 ⋮ [n1] 52  created new SQL liveness session ‹93006d6a3d7a426e9c77009f90ef6774›
I210608 12:08:25.707023 341 1@util/log/event_log.go:32 ⋮ [n1] 53 ={"Timestamp":1623154105576016102,"EventType":"node_restart","NodeID":1,"StartedAt":1623154105440366669,"LastUp":1623154083914911073}
I210608 12:08:27.059168 167 1@gossip/gossip.go:1505 ⋮ [n1] 54  node has connected to cluster via gossip
I210608 12:08:27.068055 167 kv/kvserver/stores.go:269 ⋮ [n1] 55  wrote 0 node addresses to persistent storage
I210608 12:08:35.459245 109 2@server/status/runtime.go:569 ⋮ [n1] 56  runtime stats: 138 MiB RSS, 208 goroutines (stacks: 2.9 MiB), 30 MiB/54 MiB Go alloc/total (heap fragmentation: 5.2 MiB, heap reserved: 7.2 MiB, heap released: 19 MiB), 16 MiB/23 MiB CGO alloc/total (0.0 CGO/sec), 0.0/0.0 %(u/s)time, 0.0 %gc (0x), 41 KiB/59 KiB (r/w)net
I210608 12:08:45.459199 105 kv/kvserver/store.go:2662 ⋮ [n1,s1] 57  
I210608 12:08:45.459199 105 kv/kvserver/store.go:2662 ⋮ [n1,s1] 57 +__level_____count____size___score______in__ingest(sz_cnt)____move(sz_cnt)___write(sz_cnt)____read___r-amp___w-amp
I210608 12:08:45.459199 105 kv/kvserver/store.go:2662 ⋮ [n1,s1] 57 +    WAL         2   574 K       -   571 K       -       -       -       -   574 K       -       -       -     1.0
I210608 12:08:45.459199 105 kv/kvserver/store.go:2662 ⋮ [n1,s1] 57 +      0         0     0 B    0.00     0 B     0 B       0     0 B       0     0 B       0     0 B       0     0.0
I210608 12:08:45.459199 105 kv/kvserver/store.go:2662 ⋮ [n1,s1] 57 +      1         0     0 B    0.00     0 B     0 B       0     0 B       0     0 B       0     0 B       0     0.0
I210608 12:08:45.459199 105 kv/kvserver/store.go:2662 ⋮ [n1,s1] 57 +      2         0     0 B    0.00     0 B     0 B       0     0 B       0     0 B       0     0 B       0     0.0
I210608 12:08:45.459199 105 kv/kvserver/store.go:2662 ⋮ [n1,s1] 57 +      3         0     0 B    0.00     0 B     0 B       0     0 B       0     0 B       0     0 B       0     0.0
I210608 12:08:45.459199 105 kv/kvserver/store.go:2662 ⋮ [n1,s1] 57 +      4         0     0 B    0.00     0 B     0 B       0     0 B       0     0 B       0     0 B       0     0.0
I210608 12:08:45.459199 105 kv/kvserver/store.go:2662 ⋮ [n1,s1] 57 +      5         0     0 B    0.00     0 B     0 B       0     0 B       0     0 B       0     0 B       0     0.0
I210608 12:08:45.459199 105 kv/kvserver/store.go:2662 ⋮ [n1,s1] 57 +      6         1   1.5 M       -   148 K     0 B       0     0 B       0   1.5 M       1   1.6 M       1    10.1
I210608 12:08:45.459199 105 kv/kvserver/store.go:2662 ⋮ [n1,s1] 57 +  total         1   1.5 M       -   574 K     0 B       0     0 B       0   2.0 M       1   1.6 M       1     3.6
I210608 12:08:45.459199 105 kv/kvserver/store.go:2662 ⋮ [n1,s1] 57 +  flush         0
I210608 12:08:45.459199 105 kv/kvserver/store.go:2662 ⋮ [n1,s1] 57 +compact         1     0 B           148 K  (size == estimated-debt, in = in-progress-bytes)
I210608 12:08:45.459199 105 kv/kvserver/store.go:2662 ⋮ [n1,s1] 57 + memtbl         2   8.3 M
I210608 12:08:45.459199 105 kv/kvserver/store.go:2662 ⋮ [n1,s1] 57 +zmemtbl         0     0 B
I210608 12:08:45.459199 105 kv/kvserver/store.go:2662 ⋮ [n1,s1] 57 +   ztbl         0     0 B
I210608 12:08:45.459199 105 kv/kvserver/store.go:2662 ⋮ [n1,s1] 57 + bcache        66   2.0 M   92.4%  (score == hit-rate)
I210608 12:08:45.459199 105 kv/kvserver/store.go:2662 ⋮ [n1,s1] 57 + tcache         1   616 B   99.8%  (score == hit-rate)
I210608 12:08:45.459199 105 kv/kvserver/store.go:2662 ⋮ [n1,s1] 57 + titers         0
I210608 12:08:45.459199 105 kv/kvserver/store.go:2662 ⋮ [n1,s1] 57 + filter         -       -   66.7%  (score == utility)
I210608 12:08:45.459317 109 2@server/status/runtime.go:569 ⋮ [n1] 58  runtime stats: 142 MiB RSS, 207 goroutines (stacks: 3.2 MiB), 32 MiB/57 MiB Go alloc/total (heap fragmentation: 6.4 MiB, heap reserved: 5.6 MiB, heap released: 16 MiB), 16 MiB/24 MiB CGO alloc/total (0.9 CGO/sec), 8.5/3.6 %(u/s)time, 0.0 %gc (0x), 12 KiB/9.1 KiB (r/w)net
I210608 12:08:55.459691 109 2@server/status/runtime.go:569 ⋮ [n1] 59  runtime stats: 147 MiB RSS, 209 goroutines (stacks: 2.7 MiB), 27 MiB/64 MiB Go alloc/total (heap fragmentation: 8.6 MiB, heap reserved: 16 MiB, heap released: 9.9 MiB), 16 MiB/24 MiB CGO alloc/total (0.1 CGO/sec), 7.9/3.4 %(u/s)time, 0.0 %gc (0x), 11 KiB/8.4 KiB (r/w)net
I210608 12:08:55.584458 437 jobs/adopt.go:65 ⋮ [-] 60  claimed 10 jobs
I210608 12:08:55.610715 1224 jobs/adopt.go:152 ⋮ [-] 61  job ‹665448247340302337›: resuming execution
I210608 12:08:55.610761 1221 jobs/adopt.go:152 ⋮ [-] 62  job ‹665448247059873793›: resuming execution
I210608 12:08:55.610764 1219 jobs/adopt.go:152 ⋮ [-] 63  job ‹665448247412326401›: resuming execution
I210608 12:08:55.610777 1040 jobs/adopt.go:152 ⋮ [-] 64  job ‹665448246877945857›: resuming execution
I210608 12:08:55.610789 1222 jobs/adopt.go:152 ⋮ [-] 65  job ‹665448247149658113›: resuming execution
I210608 12:08:55.610801 1220 jobs/adopt.go:152 ⋮ [-] 66  job ‹665448246727933953›: resuming execution
I210608 12:08:55.610813 1039 jobs/adopt.go:152 ⋮ [-] 67  job ‹665448246848913409›: resuming execution
I210608 12:08:55.610818 1041 jobs/adopt.go:152 ⋮ [-] 68  job ‹665448246908878849›: resuming execution
I210608 12:08:55.611111 1218 jobs/adopt.go:152 ⋮ [-] 69  job ‹665448247089725441›: resuming execution
I210608 12:08:55.611151 1223 jobs/adopt.go:152 ⋮ [-] 70  job ‹665448247273062401›: resuming execution
I210608 12:08:55.613952 1182 jobs/registry.go:1175 ⋮ [n1] 72  SCHEMA CHANGE GC job ‹665448247340302337›: stepping through state running with error: <nil>
I210608 12:08:55.613923 1152 jobs/registry.go:1175 ⋮ [n1] 71  SCHEMA CHANGE GC job ‹665448246727933953›: stepping through state running with error: <nil>
I210608 12:08:55.614077 1196 jobs/registry.go:1175 ⋮ [n1] 73  SCHEMA CHANGE GC job ‹665448246877945857›: stepping through state running with error: <nil>
I210608 12:08:55.614132 1228 jobs/registry.go:1175 ⋮ [n1] 74  SCHEMA CHANGE GC job ‹665448247273062401›: stepping through state running with error: <nil>
I210608 12:08:55.614159 1089 jobs/registry.go:1175 ⋮ [n1] 75  SCHEMA CHANGE GC job ‹665448246848913409›: stepping through state running with error: <nil>
I210608 12:08:55.614219 1168 jobs/registry.go:1175 ⋮ [n1] 76  SCHEMA CHANGE GC job ‹665448247089725441›: stepping through state running with error: <nil>
I210608 12:08:55.614532 1183 jobs/registry.go:1175 ⋮ [n1] 77  SCHEMA CHANGE GC job ‹665448247412326401›: stepping through state running with error: <nil>
I210608 12:08:55.613923 1181 jobs/registry.go:1175 ⋮ [n1] 78  SCHEMA CHANGE GC job ‹665448247059873793›: stepping through state running with error: <nil>
I210608 12:08:55.613923 1227 jobs/registry.go:1175 ⋮ [n1] 79  SCHEMA CHANGE GC job ‹665448247149658113›: stepping through state running with error: <nil>
I210608 12:08:55.616516 1266 jobs/registry.go:1175 ⋮ [n1] 80  SCHEMA CHANGE GC job ‹665448246908878849›: stepping through state running with error: <nil>
I210608 12:09:05.459408 109 2@server/status/runtime.go:569 ⋮ [n1] 81  runtime stats: 152 MiB RSS, 219 goroutines (stacks: 3.8 MiB), 44 MiB/64 MiB Go alloc/total (heap fragmentation: 4.6 MiB, heap reserved: 2.5 MiB, heap released: 9.5 MiB), 16 MiB/24 MiB CGO alloc/total (0.1 CGO/sec), 7.6/3.0 %(u/s)time, 0.0 %gc (0x), 11 KiB/7.8 KiB (r/w)net
I210608 12:09:15.459776 109 2@server/status/runtime.go:569 ⋮ [n1] 82  runtime stats: 158 MiB RSS, 219 goroutines (stacks: 3.6 MiB), 33 MiB/70 MiB Go alloc/total (heap fragmentation: 7.7 MiB, heap reserved: 16 MiB, heap released: 4.0 MiB), 16 MiB/24 MiB CGO alloc/total (0.1 CGO/sec), 7.7/4.1 %(u/s)time, 0.0 %gc (0x), 12 KiB/7.7 KiB (r/w)net
I210608 12:09:25.458119 106 2@gossip/gossip.go:567 ⋮ [n1] 83  gossip status (ok, 1 node‹›)
I210608 12:09:25.458119 106 2@gossip/gossip.go:567 ⋮ [n1] 83 +gossip client (0/3 cur/max conns)
I210608 12:09:25.458119 106 2@gossip/gossip.go:567 ⋮ [n1] 83 +gossip server (0/3 cur/max conns, infos 0/0 sent/received, bytes 0B/0B sent/received)
I210608 12:09:25.458119 106 2@gossip/gossip.go:567 ⋮ [n1] 83 +gossip connectivity
I210608 12:09:25.458119 106 2@gossip/gossip.go:567 ⋮ [n1] 83 +  n1 [sentinel];
I210608 12:09:25.459885 109 2@server/status/runtime.go:569 ⋮ [n1] 84  runtime stats: 159 MiB RSS, 219 goroutines (stacks: 3.8 MiB), 45 MiB/70 MiB Go alloc/total (heap fragmentation: 5.3 MiB, heap reserved: 5.8 MiB, heap released: 4.0 MiB), 16 MiB/24 MiB CGO alloc/total (0.1 CGO/sec), 8.1/3.4 %(u/s)time, 0.0 %gc (0x), 12 KiB/8.2 KiB (r/w)net
I210608 12:09:25.621959 437 jobs/adopt.go:65 ⋮ [-] 85  claimed 10 jobs
I210608 12:09:25.655766 1886 jobs/adopt.go:152 ⋮ [-] 86  job ‹665448246699261953›: resuming execution
I210608 12:09:25.655808 1881 jobs/adopt.go:152 ⋮ [-] 87  job ‹665447983209709569›: resuming execution
I210608 12:09:25.655816 1883 jobs/adopt.go:152 ⋮ [-] 88  job ‹665448246699196417›: resuming execution
I210608 12:09:25.655832 1884 jobs/adopt.go:152 ⋮ [-] 89  job ‹665447983060156417›: resuming execution
I210608 12:09:25.655843 1878 jobs/adopt.go:152 ⋮ [-] 90  job ‹665447983427977217›: resuming execution
I210608 12:09:25.656056 1885 jobs/adopt.go:152 ⋮ [-] 91  job ‹665447983209676801›: resuming execution
I210608 12:09:25.656947 1879 jobs/adopt.go:152 ⋮ [-] 92  job ‹665447982988820481›: resuming execution
I210608 12:09:25.657361 1877 jobs/adopt.go:152 ⋮ [-] 93  job ‹665447983364702209›: resuming execution
I210608 12:09:25.657857 1792 jobs/registry.go:1175 ⋮ [n1] 94  SCHEMA CHANGE GC job ‹665447983427977217›: stepping through state running with error: <nil>
I210608 12:09:25.658014 1764 jobs/registry.go:1175 ⋮ [n1] 95  SCHEMA CHANGE GC job ‹665447983209676801›: stepping through state running with error: <nil>
I210608 12:09:25.658309 1677 jobs/registry.go:1175 ⋮ [n1] 96  SCHEMA CHANGE GC job ‹665448246699261953›: stepping through state running with error: <nil>
I210608 12:09:25.658992 1867 jobs/registry.go:1175 ⋮ [n1] 97  SCHEMA CHANGE GC job ‹665447982988820481›: stepping through state running with error: <nil>
I210608 12:09:25.659289 1880 jobs/adopt.go:152 ⋮ [-] 99  job ‹665447983113568257›: resuming execution
I210608 12:09:25.659249 1889 jobs/registry.go:1175 ⋮ [n1] 98  SCHEMA CHANGE GC job ‹665447983364702209›: stepping through state running with error: <nil>
I210608 12:09:25.659385 1882 jobs/adopt.go:152 ⋮ [-] 100  job ‹665447983269249025›: resuming execution
I210608 12:09:25.660412 1845 jobs/registry.go:1175 ⋮ [n1] 101  SCHEMA CHANGE GC job ‹665447983209709569›: stepping through state running with error: <nil>
I210608 12:09:25.660451 1679 jobs/registry.go:1175 ⋮ [n1] 102  SCHEMA CHANGE GC job ‹665447983060156417›: stepping through state running with error: <nil>
I210608 12:09:25.661190 1767 jobs/registry.go:1175 ⋮ [n1] 103  SCHEMA CHANGE GC job ‹665447983269249025›: stepping through state running with error: <nil>
I210608 12:09:25.661230 1907 jobs/registry.go:1175 ⋮ [n1] 104  SCHEMA CHANGE GC job ‹665447983113568257›: stepping through state running with error: <nil>
I210608 12:09:25.664118 1819 jobs/registry.go:1175 ⋮ [n1] 105  SCHEMA CHANGE GC job ‹665448246699196417›: stepping through state running with error: <nil>
I210608 12:09:29.387630 1 1@cli/start.go:737 ⋮ [-] 106  received signal 'terminated'
I210608 12:09:29.387721 1 1@cli/start.go:821 ⋮ [-] 107  initiating graceful shutdown of server
I210608 12:09:29.408096 1681 1@server/drain.go:157 ⋮ [server drain process] 108  drain remaining: 1
I210608 12:09:29.408148 1681 1@server/drain.go:159 ⋮ [server drain process] 109  drain details: liveness record: 1
I210608 12:09:29.625471 1681 1@server/drain.go:157 ⋮ [server drain process] 110  drain remaining: 0
W210608 12:09:29.625544 434 sql/sqlliveness/slinstance/slinstance.go:183 ⋮ [n1] 111  exiting heartbeat loop
W210608 12:09:29.625601 435 jobs/registry.go:729 ⋮ [-] 112  canceling all adopted jobs due to stopper quiescing
I210608 12:09:29.642117 1 1@cli/start.go:873 ⋮ [-] 113  server drained and shutdown completed
