I210608 12:09:51.932016 26 util/log/file_sync_buffer.go:238 ⋮ [config]   file created at: 2021/06/08 12:09:51
I210608 12:09:51.932027 26 util/log/file_sync_buffer.go:238 ⋮ [config]   running on machine: ‹6e3115057728›
I210608 12:09:51.932035 26 util/log/file_sync_buffer.go:238 ⋮ [config]   binary: CockroachDB CCL v21.1.1 (x86_64-unknown-linux-gnu, built 2021/05/24 14:56:43, go1.15.11)
I210608 12:09:51.932041 26 util/log/file_sync_buffer.go:238 ⋮ [config]   arguments: ‹[/cockroach/cockroach start-single-node --insecure]›
I210608 12:09:51.932051 26 util/log/file_sync_buffer.go:238 ⋮ [config]   line format: [IWEF]yymmdd hh:mm:ss.uuuuuu goid file:line msg utf8=✓
I210608 12:09:51.931784 26 3@vendor/github.com/cockroachdb/pebble/compaction.go:2039 ⋮ [n?,pebble] 1  [JOB 1] flushing: sstable created 000125
I210608 12:09:51.954707 26 3@vendor/github.com/cockroachdb/pebble/compaction.go:2039 ⋮ [n?,pebble] 2  [JOB 1] flushing: sstable created 000126
I210608 12:09:51.973860 26 3@vendor/github.com/cockroachdb/pebble/open.go:305 ⋮ [n?,pebble] 3  [JOB 1] WAL created 000127
I210608 12:09:51.990487 26 3@vendor/github.com/cockroachdb/pebble/version_set.go:457 ⋮ [n?,pebble] 4  [JOB 1] MANIFEST created 000128
I210608 12:09:51.999971 92 3@vendor/github.com/cockroachdb/pebble/table_stats.go:118 ⋮ [n?,pebble] 5  [JOB 2] all initial table stats loaded
I210608 12:09:52.000172 91 3@vendor/github.com/cockroachdb/pebble/compaction.go:2766 ⋮ [n?,pebble] 6  [JOB 1] WAL deleted 000120
I210608 12:09:52.000555 91 3@vendor/github.com/cockroachdb/pebble/compaction.go:2766 ⋮ [n?,pebble] 7  [JOB 1] WAL deleted 000124
I210608 12:09:52.000612 91 3@vendor/github.com/cockroachdb/pebble/compaction.go:2773 ⋮ [n?,pebble] 8  [JOB 1] MANIFEST deleted 000121
I210608 12:09:52.000707 93 3@vendor/github.com/cockroachdb/pebble/compaction.go:1845 ⋮ [n?,pebble] 9  [JOB 3] compacting(default) L0 [000125 000126] (136 K) + L6 [000123] (1.5 M)
I210608 12:09:52.002215 93 3@vendor/github.com/cockroachdb/pebble/compaction.go:2039 ⋮ [n?,pebble] 10  [JOB 3] compacting: sstable created 000130
I210608 12:09:52.027801 26 3@vendor/github.com/cockroachdb/pebble/version_set.go:156 ⋮ [n?,pebble] 11  [JOB 1] MANIFEST created 000001
I210608 12:09:52.032618 26 3@vendor/github.com/cockroachdb/pebble/open.go:305 ⋮ [n?,pebble] 12  [JOB 1] WAL created 000002
I210608 12:09:52.050460 114 3@vendor/github.com/cockroachdb/pebble/table_stats.go:118 ⋮ [n?,pebble] 13  [JOB 2] all initial table stats loaded
I210608 12:09:52.096179 93 3@vendor/github.com/cockroachdb/pebble/compaction.go:1886 ⋮ [n?,pebble] 14  [JOB 3] compacted(default) L0 [000125 000126] (136 K) + L6 [000123] (1.5 M) -> L6 [000130] (1.5 M), in 0.1s, output rate 17 M/s
I210608 12:09:52.104595 115 3@vendor/github.com/cockroachdb/pebble/compaction.go:2780 ⋮ [n1,pebble] 15  [JOB 3] sstable deleted 000123
I210608 12:09:52.104748 115 3@vendor/github.com/cockroachdb/pebble/compaction.go:2780 ⋮ [n1,pebble] 16  [JOB 3] sstable deleted 000125
I210608 12:09:52.104815 115 3@vendor/github.com/cockroachdb/pebble/compaction.go:2780 ⋮ [n1,pebble] 17  [JOB 3] sstable deleted 000126
I210608 12:09:52.264110 173 3@vendor/github.com/cockroachdb/pebble/db.go:1449 ⋮ [n1,pebble] 18  [JOB 4] WAL created 000131
I210608 12:12:02.315676 165 3@vendor/github.com/cockroachdb/pebble/db.go:1449 ⋮ [n1,pebble] 19  [JOB 5] WAL created 000132
I210608 12:16:22.285699 187 3@vendor/github.com/cockroachdb/pebble/db.go:1449 ⋮ [n1,pebble] 20  [JOB 6] WAL created 000133
