I210608 11:53:52.035277 73 util/log/file_sync_buffer.go:238 ⋮ [config]   file created at: 2021/06/08 11:53:52
I210608 11:53:52.035289 73 util/log/file_sync_buffer.go:238 ⋮ [config]   running on machine: ‹6e3115057728›
I210608 11:53:52.035299 73 util/log/file_sync_buffer.go:238 ⋮ [config]   binary: CockroachDB CCL v21.1.1 (x86_64-unknown-linux-gnu, built 2021/05/24 14:56:43, go1.15.11)
I210608 11:53:52.035306 73 util/log/file_sync_buffer.go:238 ⋮ [config]   arguments: ‹[/cockroach/cockroach start-single-node --insecure]›
I210608 11:53:52.035316 73 util/log/file_sync_buffer.go:238 ⋮ [config]   line format: [IWEF]yymmdd hh:mm:ss.uuuuuu goid file:line msg utf8=✓
I210608 11:53:52.035201 73 3@vendor/github.com/cockroachdb/pebble/compaction.go:2039 ⋮ [n?,pebble] 1  [JOB 1] flushing: sstable created 000089
I210608 11:53:52.066499 73 3@vendor/github.com/cockroachdb/pebble/compaction.go:2039 ⋮ [n?,pebble] 2  [JOB 1] flushing: sstable created 000090
I210608 11:53:52.118973 73 3@vendor/github.com/cockroachdb/pebble/compaction.go:2039 ⋮ [n?,pebble] 3  [JOB 1] flushing: sstable created 000091
I210608 11:53:52.149897 73 3@vendor/github.com/cockroachdb/pebble/open.go:305 ⋮ [n?,pebble] 4  [JOB 1] WAL created 000092
I210608 11:53:52.164287 73 3@vendor/github.com/cockroachdb/pebble/version_set.go:457 ⋮ [n?,pebble] 5  [JOB 1] MANIFEST created 000093
I210608 11:53:52.174210 31 3@vendor/github.com/cockroachdb/pebble/compaction.go:2766 ⋮ [n?,pebble] 6  [JOB 1] WAL deleted 000083
I210608 11:53:52.174173 33 3@vendor/github.com/cockroachdb/pebble/compaction.go:1845 ⋮ [n?,pebble] 7  [JOB 3] compacting(default) L0 [000089 000090 000091] (360 K) + L6 [000086] (1.3 M)
I210608 11:53:52.174404 32 3@vendor/github.com/cockroachdb/pebble/table_stats.go:118 ⋮ [n?,pebble] 8  [JOB 2] all initial table stats loaded
I210608 11:53:52.175022 33 3@vendor/github.com/cockroachdb/pebble/compaction.go:2039 ⋮ [n?,pebble] 9  [JOB 3] compacting: sstable created 000095
I210608 11:53:52.175334 31 3@vendor/github.com/cockroachdb/pebble/compaction.go:2766 ⋮ [n?,pebble] 10  [JOB 1] WAL deleted 000087
I210608 11:53:52.176108 31 3@vendor/github.com/cockroachdb/pebble/compaction.go:2766 ⋮ [n?,pebble] 11  [JOB 1] WAL deleted 000088
I210608 11:53:52.176166 31 3@vendor/github.com/cockroachdb/pebble/compaction.go:2773 ⋮ [n?,pebble] 12  [JOB 1] MANIFEST deleted 000084
I210608 11:53:52.190606 73 3@vendor/github.com/cockroachdb/pebble/version_set.go:156 ⋮ [n?,pebble] 13  [JOB 1] MANIFEST created 000001
I210608 11:53:52.195106 73 3@vendor/github.com/cockroachdb/pebble/open.go:305 ⋮ [n?,pebble] 14  [JOB 1] WAL created 000002
I210608 11:53:52.214184 13 3@vendor/github.com/cockroachdb/pebble/table_stats.go:118 ⋮ [n?,pebble] 15  [JOB 2] all initial table stats loaded
I210608 11:53:52.288868 33 3@vendor/github.com/cockroachdb/pebble/compaction.go:1886 ⋮ [n1,pebble] 16  [JOB 3] compacted(default) L0 [000089 000090 000091] (360 K) + L6 [000086] (1.3 M) -> L6 [000095] (1.3 M), in 0.1s, output rate 13 M/s
I210608 11:53:52.297727 59 3@vendor/github.com/cockroachdb/pebble/compaction.go:2780 ⋮ [n1,pebble] 17  [JOB 4] sstable deleted 000086
I210608 11:53:52.297869 59 3@vendor/github.com/cockroachdb/pebble/compaction.go:2780 ⋮ [n1,pebble] 18  [JOB 4] sstable deleted 000089
I210608 11:53:52.297936 59 3@vendor/github.com/cockroachdb/pebble/compaction.go:2780 ⋮ [n1,pebble] 19  [JOB 4] sstable deleted 000090
I210608 11:53:52.297980 59 3@vendor/github.com/cockroachdb/pebble/compaction.go:2780 ⋮ [n1,pebble] 20  [JOB 4] sstable deleted 000091
I210608 11:53:52.447972 167 3@vendor/github.com/cockroachdb/pebble/db.go:1449 ⋮ [n1,pebble] 21  [JOB 5] WAL created 000096
