I210608 12:08:25.282493 55 util/log/file_sync_buffer.go:238 ⋮ [config]   file created at: 2021/06/08 12:08:25
I210608 12:08:25.282782 55 util/log/file_sync_buffer.go:238 ⋮ [config]   running on machine: ‹6e3115057728›
I210608 12:08:25.282802 55 util/log/file_sync_buffer.go:238 ⋮ [config]   binary: CockroachDB CCL v21.1.1 (x86_64-unknown-linux-gnu, built 2021/05/24 14:56:43, go1.15.11)
I210608 12:08:25.282813 55 util/log/file_sync_buffer.go:238 ⋮ [config]   arguments: ‹[/cockroach/cockroach start-single-node --insecure]›
I210608 12:08:25.282828 55 util/log/file_sync_buffer.go:238 ⋮ [config]   line format: [IWEF]yymmdd hh:mm:ss.uuuuuu goid file:line msg utf8=✓
I210608 12:08:25.282305 55 3@vendor/github.com/cockroachdb/pebble/compaction.go:2039 ⋮ [n?,pebble] 1  [JOB 1] flushing: sstable created 000118
I210608 12:08:25.307032 55 3@vendor/github.com/cockroachdb/pebble/compaction.go:2039 ⋮ [n?,pebble] 2  [JOB 1] flushing: sstable created 000119
I210608 12:08:25.338345 55 3@vendor/github.com/cockroachdb/pebble/open.go:305 ⋮ [n?,pebble] 3  [JOB 1] WAL created 000120
I210608 12:08:25.356190 55 3@vendor/github.com/cockroachdb/pebble/version_set.go:457 ⋮ [n?,pebble] 4  [JOB 1] MANIFEST created 000121
I210608 12:08:25.361507 115 3@vendor/github.com/cockroachdb/pebble/compaction.go:2766 ⋮ [n?,pebble] 5  [JOB 1] WAL deleted 000113
I210608 12:08:25.361650 116 3@vendor/github.com/cockroachdb/pebble/table_stats.go:118 ⋮ [n?,pebble] 6  [JOB 2] all initial table stats loaded
I210608 12:08:25.361724 117 3@vendor/github.com/cockroachdb/pebble/compaction.go:1845 ⋮ [n?,pebble] 7  [JOB 3] compacting(default) L0 [000118 000119] (148 K) + L6 [000116] (1.4 M)
I210608 12:08:25.362329 115 3@vendor/github.com/cockroachdb/pebble/compaction.go:2766 ⋮ [n?,pebble] 8  [JOB 1] WAL deleted 000117
I210608 12:08:25.362328 117 3@vendor/github.com/cockroachdb/pebble/compaction.go:2039 ⋮ [n?,pebble] 9  [JOB 3] compacting: sstable created 000123
I210608 12:08:25.362399 115 3@vendor/github.com/cockroachdb/pebble/compaction.go:2773 ⋮ [n?,pebble] 10  [JOB 1] MANIFEST deleted 000114
I210608 12:08:25.381999 55 3@vendor/github.com/cockroachdb/pebble/version_set.go:156 ⋮ [n?,pebble] 11  [JOB 1] MANIFEST created 000001
I210608 12:08:25.386944 55 3@vendor/github.com/cockroachdb/pebble/open.go:305 ⋮ [n?,pebble] 12  [JOB 1] WAL created 000002
I210608 12:08:25.401225 101 3@vendor/github.com/cockroachdb/pebble/table_stats.go:118 ⋮ [n?,pebble] 13  [JOB 2] all initial table stats loaded
I210608 12:08:25.445317 117 3@vendor/github.com/cockroachdb/pebble/compaction.go:1886 ⋮ [n1,pebble] 14  [JOB 3] compacted(default) L0 [000118 000119] (148 K) + L6 [000116] (1.4 M) -> L6 [000123] (1.5 M), in 0.1s, output rate 18 M/s
I210608 12:08:25.454958 71 3@vendor/github.com/cockroachdb/pebble/compaction.go:2780 ⋮ [n1,pebble] 15  [JOB 4] sstable deleted 000116
I210608 12:08:25.455037 71 3@vendor/github.com/cockroachdb/pebble/compaction.go:2780 ⋮ [n1,pebble] 16  [JOB 4] sstable deleted 000118
I210608 12:08:25.455081 71 3@vendor/github.com/cockroachdb/pebble/compaction.go:2780 ⋮ [n1,pebble] 17  [JOB 4] sstable deleted 000119
I210608 12:08:25.611534 183 3@vendor/github.com/cockroachdb/pebble/db.go:1449 ⋮ [n1,pebble] 18  [JOB 5] WAL created 000124
