I210608 12:26:58.462448 57 util/log/file_sync_buffer.go:238 ⋮ [config]   file created at: 2021/06/08 12:26:58
I210608 12:26:58.462459 57 util/log/file_sync_buffer.go:238 ⋮ [config]   running on machine: ‹6e3115057728›
I210608 12:26:58.462467 57 util/log/file_sync_buffer.go:238 ⋮ [config]   binary: CockroachDB CCL v21.1.1 (x86_64-unknown-linux-gnu, built 2021/05/24 14:56:43, go1.15.11)
I210608 12:26:58.462473 57 util/log/file_sync_buffer.go:238 ⋮ [config]   arguments: ‹[/cockroach/cockroach start-single-node --insecure]›
I210608 12:26:58.462481 57 util/log/file_sync_buffer.go:238 ⋮ [config]   line format: [IWEF]yymmdd hh:mm:ss.uuuuuu goid file:line msg utf8=✓
I210608 12:26:58.462093 57 3@vendor/github.com/cockroachdb/pebble/compaction.go:2039 ⋮ [n?,pebble] 1  [JOB 1] flushing: sstable created 000143
I210608 12:26:58.486894 57 3@vendor/github.com/cockroachdb/pebble/compaction.go:2039 ⋮ [n?,pebble] 2  [JOB 1] flushing: sstable created 000144
I210608 12:26:58.522098 57 3@vendor/github.com/cockroachdb/pebble/open.go:305 ⋮ [n?,pebble] 3  [JOB 1] WAL created 000145
I210608 12:26:58.539418 57 3@vendor/github.com/cockroachdb/pebble/version_set.go:457 ⋮ [n?,pebble] 4  [JOB 1] MANIFEST created 000146
I210608 12:26:58.544562 41 3@vendor/github.com/cockroachdb/pebble/compaction.go:1845 ⋮ [n?,pebble] 5  [JOB 3] compacting(default) L0 [000143 000144] (158 K) + L6 [000141] (1.6 M)
I210608 12:26:58.544622 39 3@vendor/github.com/cockroachdb/pebble/compaction.go:2766 ⋮ [n?,pebble] 6  [JOB 1] WAL deleted 000138
I210608 12:26:58.545094 40 3@vendor/github.com/cockroachdb/pebble/table_stats.go:118 ⋮ [n?,pebble] 7  [JOB 2] all initial table stats loaded
I210608 12:26:58.545559 39 3@vendor/github.com/cockroachdb/pebble/compaction.go:2766 ⋮ [n?,pebble] 8  [JOB 1] WAL deleted 000142
I210608 12:26:58.545564 41 3@vendor/github.com/cockroachdb/pebble/compaction.go:2039 ⋮ [n?,pebble] 9  [JOB 3] compacting: sstable created 000148
I210608 12:26:58.545609 39 3@vendor/github.com/cockroachdb/pebble/compaction.go:2773 ⋮ [n?,pebble] 10  [JOB 1] MANIFEST deleted 000139
I210608 12:26:58.563156 57 3@vendor/github.com/cockroachdb/pebble/version_set.go:156 ⋮ [n?,pebble] 11  [JOB 1] MANIFEST created 000001
I210608 12:26:58.568153 57 3@vendor/github.com/cockroachdb/pebble/open.go:305 ⋮ [n?,pebble] 12  [JOB 1] WAL created 000002
I210608 12:26:58.585124 104 3@vendor/github.com/cockroachdb/pebble/table_stats.go:118 ⋮ [n?,pebble] 13  [JOB 2] all initial table stats loaded
I210608 12:26:58.648154 41 3@vendor/github.com/cockroachdb/pebble/compaction.go:1886 ⋮ [n1,pebble] 14  [JOB 3] compacted(default) L0 [000143 000144] (158 K) + L6 [000141] (1.6 M) -> L6 [000148] (1.6 M), in 0.1s, output rate 17 M/s
I210608 12:26:58.649384 171 3@vendor/github.com/cockroachdb/pebble/compaction.go:2780 ⋮ [n1,pebble] 15  [JOB 4] sstable deleted 000141
I210608 12:26:58.649492 171 3@vendor/github.com/cockroachdb/pebble/compaction.go:2780 ⋮ [n1,pebble] 16  [JOB 4] sstable deleted 000143
I210608 12:26:58.649564 171 3@vendor/github.com/cockroachdb/pebble/compaction.go:2780 ⋮ [n1,pebble] 17  [JOB 4] sstable deleted 000144
I210608 12:26:58.799196 179 3@vendor/github.com/cockroachdb/pebble/db.go:1449 ⋮ [n1,pebble] 18  [JOB 5] WAL created 000149
